(-: Looking for fastq files...fastq files exist
---  Using already created files in /Volumes/HD_2TB/Chytrid/juicer/splits

(-: Aligning files matching /Volumes/HD_2TB/Chytrid/juicer/fastq/*_R*.fastq*
 to genome /Volumes/HD_2TB/Chytrid/juicer/references/Homo_sapiens_assembly19.fasta with no fragment delimited maps.
Running command bwa mem -SP5M -t 4 -R @RG\tID:HIC003_S2_L001_001\tSM:HiC_sample\tPL:ILM\tLB:HiC_library /Volumes/HD_2TB/Chytrid/juicer/references/Homo_sapiens_assembly19.fasta /Volumes/HD_2TB/Chytrid/juicer/splits/HIC003_S2_L001_R1_001.fastq /Volumes/HD_2TB/Chytrid/juicer/splits/HIC003_S2_L001_R2_001.fastq > /Volumes/HD_2TB/Chytrid/juicer/splits/HIC003_S2_L001_001.fastq.sam
[M::bwa_idx_load_from_disk] read 0 ALT contigs
[M::process] read 3200000 sequences (320000000 bp)...
[M::process] read 1497156 sequences (149715600 bp)...
[M::mem_pestat] # candidate unique pairs for (FF, FR, RF, RR): (24590, 314539, 23174, 24502)
[M::mem_pestat] analyzing insert size distribution for orientation FF...
[M::mem_pestat] (25, 50, 75) percentile: (1929, 3948, 6540)
[M::mem_pestat] low and high boundaries for computing mean and std.dev: (1, 15762)
[M::mem_pestat] mean and std.dev: (4341.39, 2755.44)
[M::mem_pestat] low and high boundaries for proper pairs: (1, 20373)
[M::mem_pestat] analyzing insert size distribution for orientation FR...
[M::mem_pestat] (25, 50, 75) percentile: (331, 374, 426)
[M::mem_pestat] low and high boundaries for computing mean and std.dev: (141, 616)
[M::mem_pestat] mean and std.dev: (371.62, 65.23)
[M::mem_pestat] low and high boundaries for proper pairs: (46, 711)
[M::mem_pestat] analyzing insert size distribution for orientation RF...
[M::mem_pestat] (25, 50, 75) percentile: (2171, 4129, 6634)
[M::mem_pestat] low and high boundaries for computing mean and std.dev: (1, 15560)
[M::mem_pestat] mean and std.dev: (4474.33, 2699.71)
[M::mem_pestat] low and high boundaries for proper pairs: (1, 20023)
[M::mem_pestat] analyzing insert size distribution for orientation RR...
[M::mem_pestat] (25, 50, 75) percentile: (1964, 3947, 6493)
[M::mem_pestat] low and high boundaries for computing mean and std.dev: (1, 15551)
[M::mem_pestat] mean and std.dev: (4334.06, 2736.36)
[M::mem_pestat] low and high boundaries for proper pairs: (1, 20080)
[M::mem_process_seqs] Processed 3200000 reads in 2384.949 CPU sec, 1178.149 real sec
[M::mem_pestat] # candidate unique pairs for (FF, FR, RF, RR): (11508, 146319, 11063, 11696)
[M::mem_pestat] analyzing insert size distribution for orientation FF...
[M::mem_pestat] (25, 50, 75) percentile: (1918, 3897, 6476)
[M::mem_pestat] low and high boundaries for computing mean and std.dev: (1, 15592)
[M::mem_pestat] mean and std.dev: (4292.79, 2736.15)
[M::mem_pestat] low and high boundaries for proper pairs: (1, 20150)
[M::mem_pestat] analyzing insert size distribution for orientation FR...
[M::mem_pestat] (25, 50, 75) percentile: (331, 375, 427)
[M::mem_pestat] low and high boundaries for computing mean and std.dev: (139, 619)
[M::mem_pestat] mean and std.dev: (372.18, 65.50)
[M::mem_pestat] low and high boundaries for proper pairs: (43, 715)
[M::mem_pestat] analyzing insert size distribution for orientation RF...
[M::mem_pestat] (25, 50, 75) percentile: (2134, 4119, 6705)
[M::mem_pestat] low and high boundaries for computing mean and std.dev: (1, 15847)
[M::mem_pestat] mean and std.dev: (4489.69, 2731.07)
[M::mem_pestat] low and high boundaries for proper pairs: (1, 20418)
[M::mem_pestat] analyzing insert size distribution for orientation RR...
[M::mem_pestat] (25, 50, 75) percentile: (1931, 3941, 6536)
[M::mem_pestat] low and high boundaries for computing mean and std.dev: (1, 15746)
[M::mem_pestat] mean and std.dev: (4325.48, 2743.30)
[M::mem_pestat] low and high boundaries for proper pairs: (1, 20351)
[M::mem_process_seqs] Processed 1497156 reads in 664.951 CPU sec, 219.870 real sec
[main] Version: 0.7.17-r1188
[main] CMD: bwa mem -K 320000000 -SP5M -t 4 -R @RG\tID:HIC003_S2_L001_001\tSM:HiC_sample\tPL:ILM\tLB:HiC_library /Volumes/HD_2TB/Chytrid/juicer/references/Homo_sapiens_assembly19.fasta /Volumes/HD_2TB/Chytrid/juicer/splits/HIC003_S2_L001_R1_001.fastq /Volumes/HD_2TB/Chytrid/juicer/splits/HIC003_S2_L001_R2_001.fastq
[main] Real time: 1481.141 sec; CPU: 3065.252 sec
(-:  Align of /Volumes/HD_2TB/Chytrid/juicer/splits/HIC003_S2_L001_001.fastq.sam done successfully
[bam_sort_core] merging from 0 files and 4 in-memory blocks...
(-: Finished sorting all sorted files into a single merge.
(-:  Mark duplicates done successfully
Picked up _JAVA_OPTIONS: -Xmx1024m -Xms1024m
WARNING: sun.reflect.Reflection.getCallerClass is not supported. This will impact performance.
Using 1 CPU thread(s) for primary task
Picked up _JAVA_OPTIONS: -Xmx1024m -Xms1024m
WARNING: sun.reflect.Reflection.getCallerClass is not supported. This will impact performance.
Using 1 CPU thread(s) for primary task
Picked up _JAVA_OPTIONS: -Xmx150000m -Xms150000m
WARNING: sun.reflect.Reflection.getCallerClass is not supported. This will impact performance.
Using 1 CPU thread(s) for primary task
Using 10 CPU thread(s) for secondary task
Not including fragment map
Start preprocess
Writing header
Writing body
...............................................................................................................................................................................................................................................................................................................................................................................................................................................................................................................................................................................................................................................................................................................................................................................................................................................................................................................................................................................................................................................................................................................................................................
Writing footer
nBytesV5: 18847225
masterIndexPosition: 117966543

Finished preprocess
Done creating .hic file. Normalization not calculated due to -n flag.
To run normalization, run: java -jar juicer_tools.jar addNorm <hicfile>

real	7m1.088s
user	20m30.875s
sys	0m35.713s
Picked up _JAVA_OPTIONS: -Xmx150000m -Xms150000m
WARNING: sun.reflect.Reflection.getCallerClass is not supported. This will impact performance.
Using 10 CPU thread(s) for primary task

Calculating norms for zoom BP_2500000
Calculating norms for zoom BP_1000000
Calculating norms for zoom BP_500000
Calculating norms for zoom BP_250000
Calculating norms for zoom BP_100000
Calculating norms for zoom BP_50000
Calculating norms for zoom BP_25000
Calculating norms for zoom BP_10000
Calculating norms for zoom BP_5000
Calculating norms for zoom BP_2000
Calculating norms for zoom BP_1000
Calculating norms for zoom BP_500/Volumes/HD_2TB/Chytrid/juicer/scripts/common/juicer_tools: line 24: 91076 Killed: 9               java -Djava.awt.headless=true -Djava.library.path=`dirname $0`/lib64 -Ddevelopment=false -jar `dirname $0`/juicer_tools.jar $*

real	44m50.130s
user	32m14.397s
sys	21m13.659s
Wed Nov 22 17:56:44 GMT 2023
Picked up _JAVA_OPTIONS: -Xmx150000m -Xms150000m
WARNING: sun.reflect.Reflection.getCallerClass is not supported. This will impact performance.
Using 1 CPU thread(s) for primary task
Using 10 CPU thread(s) for secondary task
Not including fragment map
Start preprocess
Writing header
Writing body
...........................................................................................................................................................................................................................................................................................................................................................................................................................................................................................................................................................................................................................................................................................................................................................
Writing footer
nBytesV5: 18839576
masterIndexPosition: 109660340

Finished preprocess
Done creating .hic file. Normalization not calculated due to -n flag.
To run normalization, run: java -jar juicer_tools.jar addNorm <hicfile>

real	5m3.670s
user	13m43.265s
sys	0m29.017s
Picked up _JAVA_OPTIONS: -Xmx150000m -Xms150000m
WARNING: sun.reflect.Reflection.getCallerClass is not supported. This will impact performance.
Using 10 CPU thread(s) for primary task

Calculating norms for zoom BP_2500000
Calculating norms for zoom BP_1000000
Calculating norms for zoom BP_500000
Calculating norms for zoom BP_250000
Calculating norms for zoom BP_100000
Calculating norms for zoom BP_50000
Calculating norms for zoom BP_25000
Calculating norms for zoom BP_10000
Calculating norms for zoom BP_5000
Calculating norms for zoom BP_2000
Calculating norms for zoom BP_1000
Calculating norms for zoom BP_500/Volumes/HD_2TB/Chytrid/juicer/scripts/common/juicer_tools: line 24: 91961 Killed: 9               java -Djava.awt.headless=true -Djava.library.path=`dirname $0`/lib64 -Ddevelopment=false -jar `dirname $0`/juicer_tools.jar $*

real	42m26.002s
user	31m34.086s
sys	21m7.232s
/Volumes/HD_2TB/Chytrid/juicer/scripts/common/juicer_tools is post-processing Hi-C for hg19
Data read from /Volumes/HD_2TB/Chytrid/juicer/aligned/inter_30.hic.
Motifs read from /Volumes/HD_2TB/Chytrid/juicer/references/motif

ARROWHEAD:

Picked up _JAVA_OPTIONS: -Xmx150000m -Xms150000m
WARNING: sun.reflect.Reflection.getCallerClass is not supported. This will impact performance.
Reading file: /Volumes/HD_2TB/Chytrid/juicer/aligned/inter_30.hic
Using 1 CPU thread(s) for primary task
Warning: Hi-C map may be too sparse to find many domains via Arrowhead.
Default settings for 10kb being used
max 51.0
1% 
3% 
5% 
7% 
9% 
11% 
13% 
15% 
17% 
19% 
21% 
23% 
25% 
27% 
29% 
31% 
33% 
35% 
37% 
39% 
41% 
43% 
45% 
47% 
49% 
50% 
52% 
54% 
56% 
58% 
60% 
62% 
64% 
66% 
68% 
70% 
72% 
74% 
76% 
78% 
80% 
82% 
84% 
86% 
88% 
90% 
92% 
94% 
96% 
98% 
100% 
0 domains written to file: /Volumes/HD_2TB/Chytrid/juicer/aligned/inter_30_contact_domains/10000_blocks.bedpe
Arrowhead complete

HiCCUPS:

GPUs are not installed so HiCCUPs cannot be run

(-: Postprocessing successfully completed, maps too sparse to annotate or GPUs unavailable (-:
***! Error! Either inter.hic or inter_30.hic were not created
Either inter.hic or inter_30.hic were not created.  Check  for results
